<?xml version="1.0" encoding="UTF-8"?>
<testng-results ignored="0" total="1" passed="1" failed="0" skipped="0">
  <reporter-output>
    <line>
      <![CDATA[Opened the Browser]]>
    </line>
    <line>
      <![CDATA[Launched the browser with the URL:=https://www.demoblaze.com/index.html]]>
    </line>
    <line>
      <![CDATA[Clicked the field with locator:=By.id: login2]]>
    </line>
    <line>
      <![CDATA[Set the field with locator:=By.id: loginusername with value:=bharathedu1]]>
    </line>
    <line>
      <![CDATA[Set the field with locator:=By.id: loginpassword with value:=308049]]>
    </line>
    <line>
      <![CDATA[Clicked the field with locator:=By.xpath: //button[text()='Log in']]]>
    </line>
  </reporter-output>
  <suite started-at="2025-03-23T09:55:15 IST" name="Default suite" finished-at="2025-03-23T09:55:22 IST" duration-ms="7313">
    <groups>
      <group name="cucumber">
        <method signature="AbstractTestNGCucumberTests.runScenario(io.cucumber.testng.PickleWrapper,io.cucumber.testng.FeatureWrapper)[pri:0, instance:runners.RunnerTest4@41a2befb]" name="runScenario" class="io.cucumber.testng.AbstractTestNGCucumberTests"/>
      </group> <!-- cucumber -->
    </groups>
    <test started-at="2025-03-23T09:55:15 IST" name="Default test" finished-at="2025-03-23T09:55:22 IST" duration-ms="7313">
      <class name="runners.RunnerTest4">
        <test-method is-config="true" signature="setUpClass(org.testng.ITestContext)[pri:0, instance:runners.RunnerTest4@41a2befb]" started-at="2025-03-23T09:55:15 IST" name="setUpClass" finished-at="2025-03-23T09:55:16 IST" duration-ms="664" status="PASS">
          <params>
            <param index="0">
              <value>
                <![CDATA[org.testng.TestRunner@267dc982]]>
              </value>
            </param>
          </params>
          <reporter-output>
          </reporter-output>
        </test-method> <!-- setUpClass -->
        <test-method signature="runScenario(io.cucumber.testng.PickleWrapper,io.cucumber.testng.FeatureWrapper)[pri:0, instance:runners.RunnerTest4@41a2befb]" started-at="2025-03-23T09:55:16 IST" name="runScenario" description="Runs Cucumber Scenarios" data-provider="scenarios" finished-at="2025-03-23T09:55:22 IST" duration-ms="6500" status="PASS">
          <params>
            <param index="0">
              <value>
                <![CDATA["Verify the Login of DemoBlaze using invalid credentails"]]>
              </value>
            </param>
            <param index="1">
              <value>
                <![CDATA["Login feature of DemoBlaze application"]]>
              </value>
            </param>
          </params>
          <reporter-output>
            <line>
              <![CDATA[Opened the Browser]]>
            </line>
            <line>
              <![CDATA[Launched the browser with the URL:=https://www.demoblaze.com/index.html]]>
            </line>
            <line>
              <![CDATA[Clicked the field with locator:=By.id: login2]]>
            </line>
            <line>
              <![CDATA[Set the field with locator:=By.id: loginusername with value:=bharathedu1]]>
            </line>
            <line>
              <![CDATA[Set the field with locator:=By.id: loginpassword with value:=308049]]>
            </line>
            <line>
              <![CDATA[Clicked the field with locator:=By.xpath: //button[text()='Log in']]]>
            </line>
          </reporter-output>
        </test-method> <!-- runScenario -->
        <test-method is-config="true" signature="tearDownClass()[pri:0, instance:runners.RunnerTest4@41a2befb]" started-at="2025-03-23T09:55:22 IST" name="tearDownClass" finished-at="2025-03-23T09:55:22 IST" duration-ms="89" status="PASS">
          <reporter-output>
          </reporter-output>
        </test-method> <!-- tearDownClass -->
      </class> <!-- runners.RunnerTest4 -->
    </test> <!-- Default test -->
  </suite> <!-- Default suite -->
</testng-results>
